Started on Feb 11, 2020 11:02:12 AM
Started by event from 140.82.115.250 ⇒ http://0be14231.ngrok.io:8080/github-webhook/ on Tue Feb 11 11:02:12 UTC 2020
Polling SCM changes on master
Using strategy: Default
[poll] Last Built Revision: Revision 56dcc60ef6e134667ec666deecaba3e6b1f88421 (origin/master)
using credential f85b3e33-62af-482a-9897-1512c5ddeacb
 > /usr/bin/git rev-parse --is-inside-work-tree # timeout=10
Fetching changes from the remote Git repositories
 > /usr/bin/git config remote.origin.url https://github.com/AdvaitKukade/Tic-tac-toe-React.git # timeout=10
Fetching upstream changes from https://github.com/AdvaitKukade/Tic-tac-toe-React.git
 > /usr/bin/git --version # timeout=10
using GIT_ASKPASS to set credentials 
 > /usr/bin/git fetch --tags --progress -- https://github.com/AdvaitKukade/Tic-tac-toe-React.git +refs/heads/*:refs/remotes/origin/* # timeout=10
Polling for changes in
Seen branch in repository origin/development
Seen branch in repository origin/master
Seen 2 remote branches
 > /usr/bin/git show-ref --tags -d # timeout=10
 > /usr/bin/git log --full-history --no-abbrev --format=raw -M -m 56dcc60ef6e134667ec666deecaba3e6b1f88421..6cbcd295b90bc25e962a7755ce430bf377b6f8fa # timeout=10
Done. Took 9.5 sec
Changes found
