Started on Feb 10, 2020 2:47:44 PM
Started by event from 192.30.252.90 ⇒ https://bfe0735d.ngrok.io:8080/github-webhook/ on Mon Feb 10 14:47:44 UTC 2020
Polling SCM changes on master
Using strategy: Default
[poll] Last Built Revision: Revision 065795f50ae3e1f6f1229c8dc743210937857f22 (origin/master)
using credential f85b3e33-62af-482a-9897-1512c5ddeacb
 > /usr/bin/git rev-parse --is-inside-work-tree # timeout=10
Fetching changes from the remote Git repositories
 > /usr/bin/git config remote.origin.url https://github.com/AdvaitKukade/Tic-tac-toe-React.git # timeout=10
Fetching upstream changes from https://github.com/AdvaitKukade/Tic-tac-toe-React.git
 > /usr/bin/git --version # timeout=10
using GIT_ASKPASS to set credentials 
 > /usr/bin/git fetch --tags --progress -- https://github.com/AdvaitKukade/Tic-tac-toe-React.git +refs/heads/*:refs/remotes/origin/* # timeout=10
Polling for changes in
Seen branch in repository origin/development
Seen branch in repository origin/master
Seen 2 remote branches
 > /usr/bin/git show-ref --tags -d # timeout=10
 > /usr/bin/git log --full-history --no-abbrev --format=raw -M -m 065795f50ae3e1f6f1229c8dc743210937857f22..1216ba1a2be0abd41ea5363e8d0346d5105a3bec # timeout=10
Done. Took 9.6 sec
Changes found
