Started on Feb 11, 2020 11:16:43 AM
Started by event from 192.30.252.99 ⇒ http://0be14231.ngrok.io:8080/github-webhook/ on Tue Feb 11 11:16:43 UTC 2020
Polling SCM changes on master
Using strategy: Default
[poll] Last Built Revision: Revision d3824235a6ad42da1f735e5de2ec155aed854509 (origin/master)
using credential f85b3e33-62af-482a-9897-1512c5ddeacb
 > /usr/bin/git rev-parse --is-inside-work-tree # timeout=10
Fetching changes from the remote Git repositories
 > /usr/bin/git config remote.origin.url https://github.com/AdvaitKukade/Tic-tac-toe-React.git # timeout=10
Fetching upstream changes from https://github.com/AdvaitKukade/Tic-tac-toe-React.git
 > /usr/bin/git --version # timeout=10
using GIT_ASKPASS to set credentials 
 > /usr/bin/git fetch --tags --progress -- https://github.com/AdvaitKukade/Tic-tac-toe-React.git +refs/heads/*:refs/remotes/origin/* # timeout=10
Polling for changes in
Seen branch in repository origin/development
Seen branch in repository origin/master
Seen 2 remote branches
 > /usr/bin/git show-ref --tags -d # timeout=10
 > /usr/bin/git log --full-history --no-abbrev --format=raw -M -m d3824235a6ad42da1f735e5de2ec155aed854509..65fd51c325eb5dd198ca01f99c2867c906600849 # timeout=10
Done. Took 9.5 sec
Changes found
